INFO main de.htwg.se.setgame.aview.tui - Welcome to SetGame!!!! 
Well ist not that hard to play ;)
If you found a set please write : set PlayerOne (or PlayerTwo) and the number of the fields 1 2 3 (0-11)
if you need a tipp plese write h
if you want to know the solution please write s
If you want to know the game point please write GetPoints
if you want to solve the set with out knowing just write solve
Set size of the fiel 3-80 size number
For a newGame plase write nw
Have fun!!!if you want to finisch the game please write exit
    [0]        [1]        [2]    
| green  |  |  red   |  | purple |  
| ovally |  |  wave  |  |  balk  |  
|   1    |  |   3    |  |   2    |  
| empty  |  | empty  |  | empty  |  
    [3]        [4]        [5]    
| green  |  |  red   |  | purple |  
|  balk  |  |  wave  |  |  wave  |  
|   2    |  |   1    |  |   1    |  
|halffill|  | empty  |  |halffill|  
    [6]        [7]        [8]    
| purple |  | purple |  |  red   |  
|  balk  |  |  balk  |  |  wave  |  
|   3    |  |   1    |  |   1    |  
|halffill|  |halffill|  |  fill  |  
    [9]        [10]        [11]    
| purple |  |  red   |  | purple |  
|  balk  |  |  balk  |  |  balk  |  
|   2    |  |   3    |  |   1    |  
|  fill  |  | empty  |  |  fill  |  

INFO AWT-EventQueue-0 de.htwg.se.setgame.aview.tui - Welcome to SetGame!!!! 
Well ist not that hard to play ;)
If you found a set please write : set PlayerOne (or PlayerTwo) and the number of the fields 1 2 3 (0-11)
if you need a tipp plese write h
if you want to know the solution please write s
If you want to know the game point please write GetPoints
if you want to solve the set with out knowing just write solve
Set size of the fiel 3-80 size number
For a newGame plase write nw
Have fun!!!if you want to finisch the game please write exit
    [0]        [1]        [2]    
|  red   |  |  red   |  | purple |  
| ovally |  |  wave  |  |  balk  |  
|   2    |  |   3    |  |   2    |  
| empty  |  | empty  |  | empty  |  
    [3]        [4]        [5]    
| green  |  |  red   |  | purple |  
|  balk  |  |  wave  |  |  wave  |  
|   2    |  |   1    |  |   1    |  
|halffill|  | empty  |  |halffill|  
    [6]        [7]        [8]    
| purple |  |  red   |  | green  |  
|  balk  |  |  balk  |  |  wave  |  
|   3    |  |   3    |  |   3    |  
|halffill|  |halffill|  |halffill|  
    [9]        [10]        [11]    
| purple |  |  red   |  | purple |  
|  balk  |  |  balk  |  |  balk  |  
|   2    |  |   3    |  |   1    |  
|  fill  |  | empty  |  |  fill  |  

INFO main de.htwg.se.setgame.aview.tui - Welcome to SetGame!!!! 
Well ist not that hard to play ;)
If you found a set please write : set PlayerOne (or PlayerTwo) and the number of the fields 1 2 3 (0-11)
if you need a tipp plese write h
if you want to know the solution please write s
If you want to know the game point please write GetPoints
if you want to solve the set with out knowing just write solve
Set size of the fiel 3-80 size number
For a newGame plase write nw
Have fun!!!if you want to finisch the game please write exit
    [0]        [1]        [2]    
|  red   |  | green  |  | green  |  
| ovally |  |  wave  |  |  balk  |  
|   3    |  |   2    |  |   1    |  
| empty  |  |halffill|  |halffill|  
    [3]        [4]        [5]    
|  red   |  | purple |  | purple |  
|  wave  |  |  wave  |  | ovally |  
|   1    |  |   3    |  |   2    |  
|  fill  |  | empty  |  |halffill|  
    [6]        [7]        [8]    
|  red   |  | purple |  | green  |  
|  wave  |  |  balk  |  |  wave  |  
|   1    |  |   1    |  |   3    |  
| empty  |  |  fill  |  |halffill|  
    [9]        [10]        [11]    
| green  |  | green  |  | purple |  
|  wave  |  |  wave  |  |  wave  |  
|   1    |  |   3    |  |   2    |  
|halffill|  | empty  |  |halffill|  

INFO main de.htwg.se.setgame.aview.tui - Welcome to SetGame!!!! 
Well ist not that hard to play ;)
If you found a set please write : set PlayerOne (or PlayerTwo) and the number of the fields 1 2 3 (0-11)
if you need a tipp plese write h
if you want to know the solution please write s
If you want to know the game point please write GetPoints
if you want to solve the set with out knowing just write solve
Set size of the fiel 3-80 size number
For a newGame plase write nw
Have fun!!!if you want to finisch the game please write exit
    [0]        [1]        [2]    
| purple |  |  red   |  | purple |  
|  balk  |  |  wave  |  | ovally |  
|   3    |  |   3    |  |   2    |  
|halffill|  |halffill|  |halffill|  
    [3]        [4]        [5]    
|  red   |  | green  |  | green  |  
|  balk  |  |  wave  |  | ovally |  
|   1    |  |   3    |  |   3    |  
|halffill|  | empty  |  |halffill|  
    [6]        [7]        [8]    
|  red   |  | green  |  |  red   |  
| ovally |  | ovally |  | ovally |  
|   3    |  |   2    |  |   1    |  
|  fill  |  |halffill|  | empty  |  
    [9]        [10]        [11]    
| green  |  |  red   |  | green  |  
| ovally |  |  balk  |  |  wave  |  
|   3    |  |   3    |  |   2    |  
| empty  |  |  fill  |  |  fill  |  

INFO main de.htwg.se.setgame.aview.tui - Welcome to SetGame!!!! 
Well ist not that hard to play ;)
If you found a set please write : set PlayerOne (or PlayerTwo) and the number of the fields 1 2 3 (0-11)
if you need a tipp plese write h
if you want to know the solution please write s
If you want to know the game point please write GetPoints
if you want to solve the set with out knowing just write solve
Set size of the fiel 3-80 size number
For a newGame plase write nw
Have fun!!!if you want to finisch the game please write exit
    [0]        [1]        [2]    
|  red   |  |  red   |  |  red   |  
| ovally |  |  wave  |  |  balk  |  
|   1    |  |   1    |  |   1    |  
|halffill|  |halffill|  |halffill|  
    [3]        [4]        [5]    
| purple |  | green  |  |  red   |  
|  wave  |  |  wave  |  | ovally |  
|   3    |  |   2    |  |   2    |  
|halffill|  |  fill  |  |  fill  |  
    [6]        [7]        [8]    
| green  |  | green  |  | green  |  
| ovally |  | ovally |  |  wave  |  
|   1    |  |   3    |  |   2    |  
|halffill|  | empty  |  |halffill|  
    [9]        [10]        [11]    
| green  |  | purple |  | purple |  
|  wave  |  |  wave  |  |  wave  |  
|   3    |  |   3    |  |   2    |  
|  fill  |  |  fill  |  | empty  |  

INFO main de.htwg.se.setgame.aview.tui - Welcome to SetGame!!!! 
Well ist not that hard to play ;)
If you found a set please write : set PlayerOne (or PlayerTwo) and the number of the fields 1 2 3 (0-11)
if you need a tipp plese write h
if you want to know the solution please write s
If you want to know the game point please write GetPoints
if you want to solve the set with out knowing just write solve
Set size of the fiel 3-80 size number
For a newGame plase write nw
Have fun!!!if you want to finisch the game please write exit
    [0]        [1]        [2]    
|  red   |  | green  |  |  red   |  
| ovally |  |  balk  |  | ovally |  
|   2    |  |   1    |  |   3    |  
| empty  |  | empty  |  |halffill|  
    [3]        [4]        [5]    
| green  |  |  red   |  | purple |  
|  wave  |  |  balk  |  |  wave  |  
|   1    |  |   3    |  |   3    |  
| empty  |  | empty  |  | empty  |  
    [6]        [7]        [8]    
| purple |  | green  |  | purple |  
| ovally |  |  wave  |  |  wave  |  
|   1    |  |   1    |  |   1    |  
|  fill  |  |halffill|  |  fill  |  
    [9]        [10]        [11]    
|  red   |  | green  |  | green  |  
|  balk  |  |  balk  |  |  balk  |  
|   1    |  |   1    |  |   2    |  
|  fill  |  |halffill|  | empty  |  

INFO main de.htwg.se.setgame.aview.tui - Welcome to SetGame!!!! 
Well ist not that hard to play ;)
If you found a set please write : set PlayerOne (or PlayerTwo) and the number of the fields 1 2 3 (0-11)
if you need a tipp plese write h
if you want to know the solution please write s
If you want to know the game point please write GetPoints
if you want to solve the set with out knowing just write solve
Set size of the fiel 3-80 size number
For a newGame plase write nw
Have fun!!!if you want to finisch the game please write exit
    [0]        [1]        [2]    
|  red   |  | green  |  | purple |  
|targaryen|  |targaryen|  |targaryen|  
|   2    |  |   2    |  |   2    |  
| empty  |  | empty  |  | empty  |  
    [3]        [4]        [5]    
| purple |  | green  |  |  red   |  
|targaryen|  |lennister|  |targaryen|  
|   2    |  |   3    |  |   1    |  
|  fill  |  |  fill  |  |halffill|  
    [6]        [7]        [8]    
|  red   |  | purple |  | green  |  
| stark  |  | stark  |  |lennister|  
|   1    |  |   3    |  |   2    |  
|  fill  |  |halffill|  |  fill  |  
    [9]        [10]        [11]    
| purple |  |  red   |  | green  |  
|targaryen|  |targaryen|  | stark  |  
|   2    |  |   1    |  |   1    |  
|halffill|  | empty  |  | empty  |  

INFO AWT-EventQueue-0 de.htwg.se.setgame.aview.tui - Welcome to SetGame!!!! 
Well ist not that hard to play ;)
If you found a set please write : set PlayerOne (or PlayerTwo) and the number of the fields 1 2 3 (0-11)
if you need a tipp plese write h
if you want to know the solution please write s
If you want to know the game point please write GetPoints
if you want to solve the set with out knowing just write solve
Set size of the fiel 3-80 size number
For a newGame plase write nw
Have fun!!!if you want to finisch the game please write exit
    [0]        [1]        [2]    
| purple |  | green  |  | purple |  
| stark  |  | stark  |  |targaryen|  
|   2    |  |   3    |  |   2    |  
|halffill|  |  fill  |  | empty  |  
    [3]        [4]        [5]    
| green  |  | green  |  | green  |  
|targaryen|  |targaryen|  |targaryen|  
|   2    |  |   1    |  |   2    |  
|halffill|  |  fill  |  |  fill  |  
    [6]        [7]        [8]    
|  red   |  |  red   |  |  red   |  
|targaryen|  | stark  |  |targaryen|  
|   3    |  |   2    |  |   1    |  
|  fill  |  |halffill|  | empty  |  
    [9]        [10]        [11]    
| purple |  | purple |  | purple |  
| stark  |  |targaryen|  |lennister|  
|   2    |  |   1    |  |   1    |  
|  fill  |  |  fill  |  |halffill|  

INFO main de.htwg.se.setgame.aview.tui - Welcome to SetGame!!!! 
Well ist not that hard to play ;)
If you found a set please write : set PlayerOne (or PlayerTwo) and the number of the fields 1 2 3 (0-11)
if you need a tipp plese write h
if you want to know the solution please write s
If you want to know the game point please write GetPoints
if you want to solve the set with out knowing just write solve
Set size of the fiel 3-80 size number
For a newGame plase write nw
Have fun!!!if you want to finisch the game please write exit
    [0]        [1]        [2]    
| purple |  | purple |  | purple |  
|  balk  |  |  balk  |  |  balk  |  
|   1    |  |   3    |  |   2    |  
|halffill|  | empty  |  |  fill  |  
    [3]        [4]        [5]    
|  red   |  | green  |  | purple |  
| ovally |  | ovally |  |  wave  |  
|   3    |  |   2    |  |   2    |  
|  fill  |  |halffill|  | empty  |  
    [6]        [7]        [8]    
| green  |  |  red   |  | purple |  
|  wave  |  |  wave  |  | ovally |  
|   2    |  |   2    |  |   3    |  
|  fill  |  | empty  |  |  fill  |  
    [9]        [10]        [11]    
|  red   |  | green  |  |  red   |  
|  wave  |  | ovally |  | ovally |  
|   2    |  |   2    |  |   2    |  
|  fill  |  | empty  |  |halffill|  

INFO main de.htwg.se.setgame.aview.tui - Welcome to SetGame!!!! 
Well ist not that hard to play ;)
If you found a set please write : set PlayerOne (or PlayerTwo) and the number of the fields 1 2 3 (0-11)
if you need a tipp plese write h
if you want to know the solution please write s
If you want to know the game point please write GetPoints
if you want to solve the set with out knowing just write solve
Set size of the fiel 3-80 size number
For a newGame plase write nw
Have fun!!!if you want to finisch the game please write exit
    [0]        [1]        [2]    
|  red   |  |  red   |  |  red   |  
| ovally |  |  wave  |  |  balk  |  
|   1    |  |   3    |  |   2    |  
|  fill  |  | empty  |  |halffill|  
    [3]        [4]        [5]    
| green  |  | green  |  | purple |  
|  wave  |  |  balk  |  |  wave  |  
|   3    |  |   1    |  |   3    |  
|halffill|  | empty  |  |halffill|  
    [6]        [7]        [8]    
| green  |  |  red   |  |  red   |  
| ovally |  | ovally |  | ovally |  
|   3    |  |   3    |  |   3    |  
|halffill|  | empty  |  |halffill|  
    [9]        [10]        [11]    
| green  |  | purple |  | green  |  
| ovally |  |  wave  |  |  wave  |  
|   1    |  |   1    |  |   1    |  
|halffill|  |  fill  |  | empty  |  

INFO main de.htwg.se.setgame.aview.tui - Welcome to SetGame!!!! 
Well ist not that hard to play ;)
If you found a set please write : set PlayerOne (or PlayerTwo) and the number of the fields 1 2 3 (0-11)
if you need a tipp plese write h
if you want to know the solution please write s
If you want to know the game point please write GetPoints
if you want to solve the set with out knowing just write solve
Set size of the fiel 3-80 size number
For a newGame plase write nw
Have fun!!!if you want to finisch the game please write exit
    [0]        [1]        [2]    
|  red   |  | green  |  | purple |  
| stark  |  |lennister|  |targaryen|  
|   1    |  |   3    |  |   2    |  
|halffill|  | empty  |  |  fill  |  
    [3]        [4]        [5]    
| green  |  | purple |  | green  |  
| stark  |  |targaryen|  | stark  |  
|   2    |  |   2    |  |   3    |  
| empty  |  |halffill|  |  fill  |  
    [6]        [7]        [8]    
| purple |  |  red   |  |  red   |  
|targaryen|  |targaryen|  |targaryen|  
|   3    |  |   3    |  |   2    |  
| empty  |  |  fill  |  |  fill  |  
    [9]        [10]        [11]    
|  red   |  | green  |  |  red   |  
|targaryen|  |targaryen|  |targaryen|  
|   2    |  |   2    |  |   3    |  
| empty  |  |  fill  |  | empty  |  

INFO main de.htwg.se.setgame.aview.tui - Welcome to SetGame!!!! 
Well ist not that hard to play ;)
If you found a set please write : set PlayerOne (or PlayerTwo) and the number of the fields 1 2 3 (0-11)
if you need a tipp plese write h
if you want to know the solution please write s
If you want to know the game point please write GetPoints
if you want to solve the set with out knowing just write solve
Set size of the fiel 3-80 size number
For a newGame plase write nw
Have fun!!!if you want to finisch the game please write exit
    [0]        [1]        [2]    
| green  |  |  red   |  | purple |  
| ovally |  |  balk  |  |  wave  |  
|   3    |  |   3    |  |   3    |  
|  fill  |  |  fill  |  |  fill  |  
    [3]        [4]        [5]    
| purple |  | purple |  | green  |  
| ovally |  |  balk  |  |  balk  |  
|   2    |  |   2    |  |   2    |  
| empty  |  |halffill|  |  fill  |  
    [6]        [7]        [8]    
|  red   |  | purple |  | green  |  
|  balk  |  | ovally |  | ovally |  
|   2    |  |   2    |  |   2    |  
| empty  |  |halffill|  |halffill|  
    [9]        [10]        [11]    
|  red   |  | purple |  |  red   |  
| ovally |  |  wave  |  |  wave  |  
|   1    |  |   1    |  |   2    |  
|halffill|  |  fill  |  |  fill  |  

INFO main de.htwg.se.setgame.aview.tui - Welcome to SetGame!!!! 
Well ist not that hard to play ;)
If you found a set please write : set PlayerOne (or PlayerTwo) and the number of the fields 1 2 3 (0-11)
if you need a tipp plese write h
if you want to know the solution please write s
If you want to know the game point please write GetPoints
if you want to solve the set with out knowing just write solve
Set size of the fiel 3-80 size number
For a newGame plase write nw
Have fun!!!if you want to finisch the game please write exit
    [0]        [1]        [2]    
| green  |  | purple |  |  red   |  
| ovally |  | ovally |  | ovally |  
|   1    |  |   1    |  |   1    |  
| empty  |  | empty  |  | empty  |  
    [3]        [4]        [5]    
| green  |  | purple |  |  red   |  
|  balk  |  |  balk  |  |  wave  |  
|   2    |  |   1    |  |   3    |  
|halffill|  | empty  |  |  fill  |  
    [6]        [7]        [8]    
| purple |  | green  |  | green  |  
|  wave  |  |  balk  |  |  wave  |  
|   1    |  |   1    |  |   3    |  
|halffill|  |halffill|  |  fill  |  
    [9]        [10]        [11]    
| green  |  | green  |  | purple |  
|  wave  |  |  balk  |  |  wave  |  
|   1    |  |   1    |  |   3    |  
|  fill  |  | empty  |  |  fill  |  

INFO AWT-EventQueue-0 de.htwg.se.setgame.aview.tui - Welcome to SetGame!!!! 
Well ist not that hard to play ;)
If you found a set please write : set PlayerOne (or PlayerTwo) and the number of the fields 1 2 3 (0-11)
if you need a tipp plese write h
if you want to know the solution please write s
If you want to know the game point please write GetPoints
if you want to solve the set with out knowing just write solve
Set size of the fiel 3-80 size number
For a newGame plase write nw
Have fun!!!if you want to finisch the game please write exit
    [0]        [1]        [2]    
| green  |  | purple |  | green  |  
|  balk  |  | ovally |  |  wave  |  
|   3    |  |   1    |  |   1    |  
|halffill|  |halffill|  |  fill  |  
    [3]        [4]        [5]    
| purple |  |  red   |  | green  |  
|  balk  |  |  wave  |  |  wave  |  
|   3    |  |   2    |  |   3    |  
| empty  |  | empty  |  |halffill|  
    [6]        [7]        [8]    
| purple |  | purple |  | green  |  
| ovally |  | ovally |  |  balk  |  
|   2    |  |   3    |  |   2    |  
|halffill|  | empty  |  |halffill|  
    [9]        [10]        [11]    
| green  |  | purple |  | green  |  
| ovally |  |  wave  |  |  balk  |  
|   2    |  |   3    |  |   1    |  
|  fill  |  |  fill  |  | empty  |  

INFO AWT-EventQueue-0 de.htwg.se.setgame.aview.tui - Welcome to SetGame!!!! 
Well ist not that hard to play ;)
If you found a set please write : set PlayerOne (or PlayerTwo) and the number of the fields 1 2 3 (0-11)
if you need a tipp plese write h
if you want to know the solution please write s
If you want to know the game point please write GetPoints
if you want to solve the set with out knowing just write solve
Set size of the fiel 3-80 size number
For a newGame plase write nw
Have fun!!!if you want to finisch the game please write exit
    [0]        [1]        [2]    
|  red   |  | purple |  |  red   |  
| ovally |  | ovally |  | ovally |  
|   1    |  |   3    |  |   2    |  
|halffill|  |  fill  |  | empty  |  
    [3]        [4]        [5]    
| green  |  |  red   |  | green  |  
|  balk  |  |  balk  |  |  wave  |  
|   3    |  |   1    |  |   2    |  
| empty  |  |halffill|  |  fill  |  
    [6]        [7]        [8]    
| purple |  |  red   |  | green  |  
|  wave  |  |  balk  |  |  balk  |  
|   2    |  |   2    |  |   1    |  
| empty  |  |  fill  |  |halffill|  
    [9]        [10]        [11]    
| green  |  | purple |  | green  |  
|  balk  |  |  balk  |  | ovally |  
|   3    |  |   3    |  |   3    |  
|halffill|  |halffill|  |  fill  |  

INFO main de.htwg.se.setgame.aview.tui - Welcome to SetGame!!!! 
Well ist not that hard to play ;)
If you found a set please write : set PlayerOne (or PlayerTwo) and the number of the fields 1 2 3 (0-11)
if you need a tipp plese write h
if you want to know the solution please write s
If you want to know the game point please write GetPoints
if you want to solve the set with out knowing just write solve
Set size of the fiel 3-80 size number
For a newGame plase write nw
Have fun!!!if you want to finisch the game please write exit
    [0]        [1]        [2]    
| green  |  | purple |  |  red   |  
| ovally |  | ovally |  | ovally |  
|   3    |  |   1    |  |   2    |  
|  fill  |  | empty  |  |halffill|  
    [3]        [4]        [5]    
| green  |  | green  |  |  red   |  
|  balk  |  |  wave  |  |  balk  |  
|   3    |  |   3    |  |   1    |  
|halffill|  |halffill|  |halffill|  
    [6]        [7]        [8]    
| green  |  | purple |  | green  |  
| ovally |  | ovally |  |  balk  |  
|   2    |  |   1    |  |   2    |  
|  fill  |  |  fill  |  | empty  |  
    [9]        [10]        [11]    
|  red   |  | green  |  | green  |  
|  wave  |  |  balk  |  |  wave  |  
|   1    |  |   1    |  |   3    |  
| empty  |  | empty  |  |  fill  |  

INFO main de.htwg.se.setgame.aview.tui - Welcome to SetGame!!!! 
Well ist not that hard to play ;)
If you found a set please write : set PlayerOne (or PlayerTwo) and the number of the fields 1 2 3 (0-11)
if you need a tipp plese write h
if you want to know the solution please write s
If you want to know the game point please write GetPoints
if you want to solve the set with out knowing just write solve
Set size of the fiel 3-80 size number
For a newGame plase write nw
Have fun!!!if you want to finisch the game please write exit
    [0]        [1]        [2]    
| purple |  | green  |  |  red   |  
| dalek  |  | tardis |  |cyberman|  
|   3    |  |   3    |  |   3    |  
|  fill  |  |  fill  |  |  fill  |  
    [3]        [4]        [5]    
|  red   |  | purple |  | green  |  
| tardis |  | tardis |  | dalek  |  
|   3    |  |   2    |  |   3    |  
|halffill|  |halffill|  |halffill|  
    [6]        [7]        [8]    
| green  |  | green  |  |  red   |  
| tardis |  | dalek  |  | dalek  |  
|   3    |  |   2    |  |   2    |  
| empty  |  | empty  |  |  fill  |  
    [9]        [10]        [11]    
|  red   |  |  red   |  | purple |  
| tardis |  |cyberman|  | tardis |  
|   1    |  |   2    |  |   2    |  
|  fill  |  |halffill|  |  fill  |  

INFO AWT-EventQueue-0 de.htwg.se.setgame.aview.tui - Welcome to SetGame!!!! 
Well ist not that hard to play ;)
If you found a set please write : set PlayerOne (or PlayerTwo) and the number of the fields 1 2 3 (0-11)
if you need a tipp plese write h
if you want to know the solution please write s
If you want to know the game point please write GetPoints
if you want to solve the set with out knowing just write solve
Set size of the fiel 3-80 size number
For a newGame plase write nw
Have fun!!!if you want to finisch the game please write exit
    [0]        [1]        [2]    
| purple |  | green  |  |  red   |  
| dalek  |  | tardis |  | dalek  |  
|   3    |  |   3    |  |   3    |  
|  fill  |  |  fill  |  |  fill  |  
    [3]        [4]        [5]    
|  red   |  | purple |  | green  |  
| tardis |  | tardis |  | dalek  |  
|   3    |  |   2    |  |   3    |  
|halffill|  |halffill|  |halffill|  
    [6]        [7]        [8]    
| green  |  | green  |  | green  |  
| tardis |  | dalek  |  | tardis |  
|   3    |  |   2    |  |   1    |  
| empty  |  | empty  |  |  fill  |  
    [9]        [10]        [11]    
| purple |  |  red   |  | purple |  
| dalek  |  |cyberman|  | tardis |  
|   1    |  |   2    |  |   2    |  
|halffill|  |halffill|  |  fill  |  

INFO main de.htwg.se.setgame.aview.tui - Welcome to SetGame!!!! 
Well ist not that hard to play ;)
If you found a set please write : set PlayerOne (or PlayerTwo) and the number of the fields 1 2 3 (0-11)
if you need a tipp plese write h
if you want to know the solution please write s
If you want to know the game point please write GetPoints
if you want to solve the set with out knowing just write solve
Set size of the fiel 3-80 size number
For a newGame plase write nw
Have fun!!!if you want to finisch the game please write exit
    [0]        [1]        [2]    
| purple |  | purple |  | purple |  
|cyberman|  | dalek  |  | tardis |  
|   1    |  |   3    |  |   2    |  
|  fill  |  |  fill  |  |  fill  |  
    [3]        [4]        [5]    
| green  |  | purple |  | purple |  
|cyberman|  | dalek  |  |cyberman|  
|   3    |  |   1    |  |   3    |  
| empty  |  |  fill  |  | empty  |  
    [6]        [7]        [8]    
|  red   |  | purple |  |  red   |  
|cyberman|  | dalek  |  | tardis |  
|   1    |  |   1    |  |   1    |  
| empty  |  | empty  |  | empty  |  
    [9]        [10]        [11]    
| purple |  | green  |  | green  |  
| dalek  |  | dalek  |  |cyberman|  
|   3    |  |   2    |  |   3    |  
|halffill|  | empty  |  |halffill|  

INFO main de.htwg.se.setgame.aview.tui - 
81
INFO AWT-EventQueue-0 de.htwg.se.setgame.aview.tui - Welcome to SetGame!!!! 
Well ist not that hard to play ;)
If you found a set please write : set PlayerOne (or PlayerTwo) and the number of the fields 1 2 3 (0-11)
if you need a tipp plese write h
if you want to know the solution please write s
If you want to know the game point please write GetPoints
if you want to solve the set with out knowing just write solve
Set size of the fiel 3-80 size number
For a newGame plase write nw
Have fun!!!if you want to finisch the game please write exit
    [0]        [1]        [2]    
| purple |  |  red   |  | purple |  
|cyberman|  | tardis |  | dalek  |  
|   1    |  |   2    |  |   3    |  
| empty  |  | empty  |  | empty  |  
    [3]        [4]        [5]    
|  red   |  | purple |  | green  |  
|cyberman|  | tardis |  | tardis |  
|   3    |  |   1    |  |   1    |  
|halffill|  | empty  |  | empty  |  
    [6]        [7]        [8]    
|  red   |  | purple |  |  red   |  
| dalek  |  | dalek  |  | tardis |  
|   1    |  |   3    |  |   2    |  
|  fill  |  |  fill  |  |  fill  |  
    [9]        [10]        [11]    
| purple |  | purple |  | purple |  
| tardis |  | dalek  |  |cyberman|  
|   3    |  |   1    |  |   2    |  
|halffill|  | empty  |  |  fill  |  

INFO AWT-EventQueue-0 de.htwg.se.setgame.aview.tui - Welcome to SetGame!!!! 
Well ist not that hard to play ;)
If you found a set please write : set PlayerOne (or PlayerTwo) and the number of the fields 1 2 3 (0-11)
if you need a tipp plese write h
if you want to know the solution please write s
If you want to know the game point please write GetPoints
if you want to solve the set with out knowing just write solve
Set size of the fiel 3-80 size number
For a newGame plase write nw
Have fun!!!if you want to finisch the game please write exit
    [0]        [1]        [2]    
| purple |  | green  |  |  red   |  
| dalek  |  | tardis |  |cyberman|  
|   3    |  |   2    |  |   1    |  
|halffill|  |halffill|  |  fill  |  
    [3]        [4]        [5]    
|  red   |  | purple |  | purple |  
|cyberman|  | tardis |  |cyberman|  
|   1    |  |   1    |  |   2    |  
|halffill|  |halffill|  |  fill  |  
    [6]        [7]        [8]    
| purple |  | purple |  |  red   |  
| tardis |  | tardis |  | tardis |  
|   1    |  |   1    |  |   1    |  
|  fill  |  | empty  |  |  fill  |  
    [9]        [10]        [11]    
| purple |  |  red   |  | purple |  
|cyberman|  | dalek  |  | tardis |  
|   3    |  |   2    |  |   2    |  
| empty  |  |halffill|  |  fill  |  

INFO main de.htwg.se.setgame.aview.tui - Welcome to SetGame!!!! 
Well ist not that hard to play ;)
If you found a set please write : set PlayerOne (or PlayerTwo) and the number of the fields 1 2 3 (0-11)
if you need a tipp plese write h
if you want to know the solution please write s
If you want to know the game point please write GetPoints
if you want to solve the set with out knowing just write solve
Set size of the fiel 3-80 size number
For a newGame plase write nw
Have fun!!!if you want to finisch the game please write exit
    [0]        [1]        [2]    
|  red   |  |  red   |  | green  |  
| dalek  |  | tardis |  | tardis |  
|   1    |  |   1    |  |   3    |  
| empty  |  |halffill|  |  fill  |  
    [3]        [4]        [5]    
|  red   |  |  red   |  |  red   |  
| dalek  |  | dalek  |  | tardis |  
|   2    |  |   2    |  |   2    |  
| empty  |  |halffill|  |halffill|  
    [6]        [7]        [8]    
| purple |  | green  |  | green  |  
|cyberman|  |cyberman|  | dalek  |  
|   3    |  |   1    |  |   2    |  
|halffill|  |  fill  |  |halffill|  
    [9]        [10]        [11]    
|  red   |  |  red   |  |  red   |  
| tardis |  |cyberman|  |cyberman|  
|   2    |  |   1    |  |   1    |  
| empty  |  |  fill  |  | empty  |  

INFO main de.htwg.se.setgame.aview.tui - 
81
INFO AWT-EventQueue-0 de.htwg.se.setgame.aview.tui - Welcome to SetGame!!!! 
Well ist not that hard to play ;)
If you found a set please write : set PlayerOne (or PlayerTwo) and the number of the fields 1 2 3 (0-11)
if you need a tipp plese write h
if you want to know the solution please write s
If you want to know the game point please write GetPoints
if you want to solve the set with out knowing just write solve
Set size of the fiel 3-80 size number
For a newGame plase write nw
Have fun!!!if you want to finisch the game please write exit
    [0]        [1]        [2]    
| purple |  |  red   |  |  red   |  
| dalek  |  | tardis |  | tardis |  
|   2    |  |   2    |  |   2    |  
|  fill  |  |halffill|  | empty  |  
    [3]        [4]        [5]    
| green  |  | green  |  | purple |  
|cyberman|  | tardis |  | dalek  |  
|   1    |  |   3    |  |   1    |  
|halffill|  |  fill  |  |halffill|  
    [6]        [7]        [8]    
| purple |  | purple |  |  red   |  
|cyberman|  | dalek  |  |cyberman|  
|   3    |  |   3    |  |   1    |  
|  fill  |  | empty  |  |halffill|  
    [9]        [10]        [11]    
| purple |  | green  |  | purple |  
| tardis |  | dalek  |  | dalek  |  
|   1    |  |   3    |  |   3    |  
|  fill  |  |  fill  |  |halffill|  

